
> mongodb-auth-boilerplate@0.1.0 dev
> next dev

   ▲ Next.js 15.2.6
   - Local:        http://localhost:3000
   - Network:      http://192.168.0.2:3000

 ✓ Starting...
 ✓ Ready in 2.1s
 ⚠ Your project has `@next/font` installed as a dependency, please use the built-in `next/font` instead. The `@next/font` package will be removed in Next.js 14. You can migrate by running `npx @next/codemod@latest built-in-next-font .`. Read more: https://nextjs.org/docs/messages/built-in-next-font
 ○ Compiling /login ...
 ✓ Compiled /login in 8.8s (870 modules)
 GET /login 200 in 10994ms
 ○ Compiling /api/auth/[...nextauth] ...
 ✓ Compiled /api/auth/[...nextauth] in 4.6s (1102 modules)
[next-auth][warn][NEXTAUTH_URL]
https://next-auth.js.org/warnings#nextauth_url
[next-auth][warn][NO_SECRET]
https://next-auth.js.org/warnings#no_secret
 ✓ Compiled in 1551ms (380 modules)
 ✓ Compiled in 385ms (380 modules)
 ✓ Compiled in 270ms (380 modules)
 ✓ Compiled in 401ms (380 modules)
 ✓ Compiled in 274ms (380 modules)
 ✓ Compiled in 267ms (380 modules)
 ✓ Compiled in 245ms (380 modules)
