
> mongodb-auth-boilerplate@0.1.0 dev
> next dev

   ▲ Next.js 15.2.6
   - Local:        http://localhost:3000
   - Network:      http://192.168.0.2:3000

 ✓ Starting...
 ✓ Ready in 1793ms
 ⚠ Your project has `@next/font` installed as a dependency, please use the built-in `next/font` instead. The `@next/font` package will be removed in Next.js 14. You can migrate by running `npx @next/codemod@latest built-in-next-font .`. Read more: https://nextjs.org/docs/messages/built-in-next-font
 ○ Compiling /profile ...
 ✓ Compiled /profile in 10.8s (965 modules)
 ✓ Compiled in 1339ms (407 modules)
 ✓ Compiled in 458ms (407 modules)
 GET /profile 200 in 12697ms
 ✓ Compiled in 418ms (407 modules)
 ✓ Compiled in 403ms (407 modules)
 ✓ Compiled in 370ms (407 modules)
 ✓ Compiled in 456ms (407 modules)
 ✓ Compiled in 381ms (407 modules)
 ✓ Compiled in 317ms (407 modules)
 ✓ Compiled in 314ms (407 modules)
 ✓ Compiled in 303ms (407 modules)
 ✓ Compiled in 248ms (407 modules)
 ✓ Compiled in 247ms (407 modules)
 ✓ Compiled in 241ms (407 modules)
 ✓ Compiled in 248ms (407 modules)
 ✓ Compiled in 241ms (407 modules)
 ✓ Compiled in 241ms (407 modules)
 ✓ Compiled in 249ms (407 modules)
 ✓ Compiled in 239ms (407 modules)
 ✓ Compiled in 253ms (407 modules)
 ✓ Compiled in 278ms (407 modules)
 ✓ Compiled in 343ms (407 modules)
 ✓ Compiled in 506ms (407 modules)
 ✓ Compiled in 363ms (407 modules)
 ✓ Compiled in 429ms (407 modules)
 ✓ Compiled in 341ms (407 modules)
 ✓ Compiled in 336ms (407 modules)
 ✓ Compiled in 366ms (407 modules)
 ✓ Compiled in 252ms (407 modules)
 ✓ Compiled in 248ms (407 modules)
 ✓ Compiled in 255ms (407 modules)
 ✓ Compiled in 245ms (407 modules)
 ✓ Compiled in 239ms (407 modules)
 ✓ Compiled in 230ms (407 modules)
 ✓ Compiled in 232ms (407 modules)
 ✓ Compiled in 251ms (407 modules)
 ✓ Compiled in 238ms (407 modules)
 ✓ Compiled in 247ms (407 modules)
 ✓ Compiled in 251ms (407 modules)
 ✓ Compiled in 232ms (407 modules)
 ✓ Compiled in 229ms (407 modules)
 ✓ Compiled in 232ms (407 modules)
 ✓ Compiled in 225ms (407 modules)
 ✓ Compiled in 228ms (407 modules)
 ✓ Compiled in 233ms (407 modules)
 ✓ Compiled in 230ms (407 modules)
 ✓ Compiled in 222ms (407 modules)
 ✓ Compiled in 295ms (407 modules)
 ✓ Compiled in 359ms (407 modules)
 ✓ Compiled in 326ms (407 modules)
 ✓ Compiled in 344ms (407 modules)
 ✓ Compiled in 362ms (407 modules)
 ✓ Compiled in 325ms (407 modules)
 ✓ Compiled in 344ms (407 modules)
 ✓ Compiled in 362ms (407 modules)
 ✓ Compiled in 370ms (407 modules)
 ✓ Compiled in 355ms (407 modules)
 ✓ Compiled in 353ms (407 modules)
 ✓ Compiled in 354ms (407 modules)
 ✓ Compiled in 340ms (407 modules)
 ✓ Compiled in 355ms (407 modules)
 ✓ Compiled in 351ms (407 modules)
 ✓ Compiled in 389ms (407 modules)
 ✓ Compiled in 423ms (407 modules)
 ✓ Compiled in 556ms (407 modules)
 ✓ Compiled in 372ms (407 modules)
 GET /profile 200 in 1027ms
 ✓ Compiled in 360ms (407 modules)
 ✓ Compiled in 373ms (407 modules)
 ✓ Compiled in 387ms (407 modules)
 ✓ Compiled in 366ms (407 modules)
 ✓ Compiled in 462ms (407 modules)
 ✓ Compiled in 377ms (407 modules)
 ○ Compiling /api/auth/[...nextauth] ...
 ✓ Compiled /api/auth/[...nextauth] in 4s (1190 modules)
 ✓ Compiled in 1122ms (408 modules)
 GET /api/auth/session 200 in 4819ms
 GET /profile 200 in 560ms
 ✓ Compiled in 386ms (408 modules)
 ✓ Compiled in 250ms (408 modules)
 ✓ Compiled in 242ms (408 modules)
[next-auth][warn][NEXTAUTH_URL]
https://next-auth.js.org/warnings#nextauth_url
[next-auth][warn][NO_SECRET]
https://next-auth.js.org/warnings#no_secret
 ✓ Compiled in 276ms (408 modules)
 ✓ Compiled in 250ms (408 modules)
 ✓ Compiled in 236ms (408 modules)
 ✓ Compiled in 231ms (408 modules)
 ✓ Compiled in 240ms (408 modules)
 ✓ Compiled in 228ms (408 modules)
 ✓ Compiled in 232ms (408 modules)
 ✓ Compiled in 241ms (408 modules)
 ✓ Compiled in 238ms (408 modules)
 ✓ Compiled in 225ms (408 modules)
 ✓ Compiled in 225ms (408 modules)
 ✓ Compiled in 223ms (408 modules)
 ✓ Compiled in 224ms (408 modules)
 ✓ Compiled in 284ms (408 modules)
 ✓ Compiled in 226ms (408 modules)
 ✓ Compiled in 228ms (408 modules)
 ✓ Compiled in 231ms (408 modules)
 ✓ Compiled in 237ms (408 modules)
 ✓ Compiled in 229ms (408 modules)
 ✓ Compiled in 227ms (408 modules)
 ✓ Compiled in 254ms (408 modules)
 ✓ Compiled in 228ms (408 modules)
 ✓ Compiled in 238ms (408 modules)
 ✓ Compiled in 238ms (408 modules)
 ✓ Compiled in 227ms (408 modules)
 ✓ Compiled in 227ms (408 modules)
 ✓ Compiled in 235ms (408 modules)
 ✓ Compiled in 230ms (408 modules)
 ✓ Compiled in 226ms (408 modules)
 ✓ Compiled in 229ms (408 modules)
 ✓ Compiled in 226ms (408 modules)
 ✓ Compiled in 230ms (408 modules)
 ✓ Compiled in 227ms (408 modules)
 ✓ Compiled in 227ms (408 modules)
 ✓ Compiled in 229ms (408 modules)
 ✓ Compiled in 232ms (408 modules)
 ✓ Compiled in 230ms (408 modules)
 ✓ Compiled in 235ms (408 modules)
 ✓ Compiled in 228ms (408 modules)
 ✓ Compiled in 225ms (408 modules)
 ✓ Compiled in 278ms (408 modules)
 ✓ Compiled in 298ms (408 modules)
 ✓ Compiled in 312ms (408 modules)
 ✓ Compiled in 237ms (408 modules)
 ✓ Compiled in 239ms (408 modules)
 ✓ Compiled in 235ms (408 modules)
 ✓ Compiled in 229ms (408 modules)
 ✓ Compiled in 226ms (408 modules)
 ✓ Compiled in 234ms (408 modules)
 ✓ Compiled in 228ms (408 modules)
 ✓ Compiled in 223ms (408 modules)
 ✓ Compiled in 224ms (408 modules)
 ✓ Compiled in 229ms (408 modules)
 ✓ Compiled in 225ms (408 modules)
 ✓ Compiled in 222ms (408 modules)
 ✓ Compiled in 225ms (408 modules)
 ✓ Compiled in 220ms (408 modules)
 ✓ Compiled in 240ms (408 modules)
 ✓ Compiled in 228ms (408 modules)
 ✓ Compiled in 221ms (408 modules)
 ✓ Compiled in 222ms (408 modules)
 ✓ Compiled in 224ms (408 modules)
 ✓ Compiled in 239ms (408 modules)
 ✓ Compiled in 237ms (408 modules)
 ✓ Compiled in 254ms (408 modules)
 ✓ Compiled in 244ms (408 modules)
 ✓ Compiled in 297ms (408 modules)
 ✓ Compiled in 291ms (408 modules)
 GET /profile 200 in 814ms
 ✓ Compiled in 250ms (408 modules)
 ✓ Compiled in 247ms (408 modules)
 ✓ Compiled in 241ms (408 modules)
 ✓ Compiled in 229ms (408 modules)
 ✓ Compiled in 231ms (408 modules)
 ✓ Compiled in 230ms (408 modules)
 ✓ Compiled in 228ms (408 modules)
 GET /api/auth/session 200 in 71ms
 ✓ Compiled in 281ms (408 modules)
 ✓ Compiled in 293ms (408 modules)
 GET /profile 200 in 141ms
 ✓ Compiled in 255ms (408 modules)
 ✓ Compiled in 236ms (408 modules)
 ✓ Compiled in 239ms (408 modules)
 ✓ Compiled in 231ms (408 modules)
 ✓ Compiled in 238ms (408 modules)
 ✓ Compiled in 232ms (408 modules)
 ✓ Compiled in 224ms (408 modules)
 ✓ Compiled in 230ms (408 modules)
 ✓ Compiled in 237ms (408 modules)
 ✓ Compiled in 234ms (408 modules)
 ✓ Compiled in 234ms (408 modules)
 ✓ Compiled in 240ms (408 modules)
 ✓ Compiled in 236ms (408 modules)
 ✓ Compiled in 233ms (408 modules)
 ✓ Compiled in 237ms (408 modules)
 ✓ Compiled in 235ms (408 modules)
 ✓ Compiled in 238ms (408 modules)
 ✓ Compiled in 242ms (408 modules)
 ✓ Compiled in 237ms (408 modules)
 ✓ Compiled in 263ms (408 modules)
 ✓ Compiled in 330ms (408 modules)
 ✓ Compiled in 243ms (408 modules)
 ✓ Compiled in 231ms (408 modules)
 ✓ Compiled in 232ms (408 modules)
 ✓ Compiled in 227ms (408 modules)
 ✓ Compiled in 227ms (408 modules)
 ✓ Compiled in 224ms (408 modules)
 ✓ Compiled in 232ms (408 modules)
 ✓ Compiled in 229ms (408 modules)
 ✓ Compiled in 227ms (408 modules)
 ✓ Compiled in 234ms (408 modules)
 ✓ Compiled in 234ms (408 modules)
 ✓ Compiled in 230ms (408 modules)
 ✓ Compiled in 257ms (408 modules)
 ✓ Compiled in 221ms (408 modules)
 ✓ Compiled in 228ms (408 modules)
 ✓ Compiled in 227ms (408 modules)
 ✓ Compiled in 227ms (408 modules)
 ✓ Compiled in 230ms (408 modules)
 ✓ Compiled in 230ms (408 modules)
 ✓ Compiled in 229ms (408 modules)
 ✓ Compiled in 244ms (408 modules)
 ✓ Compiled in 276ms (408 modules)
 ✓ Compiled in 230ms (408 modules)
 ✓ Compiled in 229ms (408 modules)
 ✓ Compiled in 237ms (408 modules)
 ✓ Compiled in 269ms (408 modules)
 ✓ Compiled in 237ms (408 modules)
 ✓ Compiled in 231ms (408 modules)
 ✓ Compiled in 224ms (408 modules)
 ✓ Compiled in 224ms (408 modules)
 ✓ Compiled in 229ms (408 modules)
 ✓ Compiled in 228ms (408 modules)
 ✓ Compiled in 224ms (408 modules)
 ✓ Compiled in 227ms (408 modules)
 ✓ Compiled in 228ms (408 modules)
 ✓ Compiled in 228ms (408 modules)
 ✓ Compiled in 229ms (408 modules)
 ✓ Compiled in 266ms (408 modules)
 ✓ Compiled in 239ms (408 modules)
 ✓ Compiled in 233ms (408 modules)
 ✓ Compiled in 269ms (408 modules)
 ✓ Compiled in 233ms (408 modules)
 ✓ Compiled in 232ms (408 modules)
 ✓ Compiled in 228ms (408 modules)
 ✓ Compiled in 262ms (408 modules)
 ✓ Compiled in 232ms (408 modules)
 ✓ Compiled in 229ms (408 modules)
 ✓ Compiled in 227ms (408 modules)
 ✓ Compiled in 232ms (408 modules)
 ✓ Compiled in 235ms (408 modules)
 ✓ Compiled in 237ms (408 modules)
 ✓ Compiled in 233ms (408 modules)
 ✓ Compiled in 226ms (408 modules)
 ✓ Compiled in 230ms (408 modules)
 ✓ Compiled in 1306ms (1251 modules)
 ✓ Compiled in 241ms (408 modules)
 ✓ Compiled in 234ms (408 modules)
 ✓ Compiled in 230ms (408 modules)
 ✓ Compiled in 240ms (408 modules)
 ✓ Compiled in 240ms (408 modules)
 ✓ Compiled in 232ms (408 modules)
 ✓ Compiled in 227ms (408 modules)
 ✓ Compiled in 229ms (408 modules)
 ✓ Compiled in 226ms (408 modules)
 ✓ Compiled in 226ms (408 modules)
 ✓ Compiled in 234ms (408 modules)
 ✓ Compiled in 229ms (408 modules)
 ✓ Compiled in 234ms (408 modules)
 ✓ Compiled in 230ms (408 modules)
 ✓ Compiled in 226ms (408 modules)
 ✓ Compiled in 223ms (408 modules)
 ✓ Compiled in 233ms (408 modules)
 ✓ Compiled in 226ms (408 modules)
 ✓ Compiled in 226ms (408 modules)
 ✓ Compiled in 228ms (408 modules)
 ✓ Compiled in 224ms (408 modules)
 ✓ Compiled in 227ms (408 modules)
 ✓ Compiled in 241ms (408 modules)
 ✓ Compiled in 243ms (408 modules)
 ✓ Compiled in 223ms (408 modules)
 ✓ Compiled in 223ms (408 modules)
 ✓ Compiled in 223ms (408 modules)
 ✓ Compiled in 223ms (408 modules)
 ✓ Compiled in 234ms (408 modules)
 ✓ Compiled in 231ms (408 modules)
 ✓ Compiled in 227ms (408 modules)
 ✓ Compiled in 225ms (408 modules)
 ✓ Compiled in 224ms (408 modules)
 ✓ Compiled in 219ms (408 modules)
 ✓ Compiled in 228ms (408 modules)
 ✓ Compiled in 226ms (408 modules)
 ✓ Compiled in 231ms (408 modules)
 ✓ Compiled in 227ms (408 modules)
 ✓ Compiled in 230ms (408 modules)
 ✓ Compiled in 233ms (408 modules)
 ✓ Compiled in 232ms (408 modules)
 ✓ Compiled in 221ms (408 modules)
 ✓ Compiled in 226ms (408 modules)
 ✓ Compiled in 241ms (408 modules)
 ✓ Compiled in 235ms (408 modules)
 ✓ Compiled in 228ms (408 modules)
 ✓ Compiled in 230ms (408 modules)
 ✓ Compiled in 226ms (408 modules)
 ✓ Compiled in 224ms (408 modules)
 ✓ Compiled in 224ms (408 modules)
 ✓ Compiled in 227ms (408 modules)
 ✓ Compiled in 225ms (408 modules)
 ✓ Compiled in 242ms (408 modules)
 ✓ Compiled in 279ms (408 modules)
 ✓ Compiled in 356ms (408 modules)
 ✓ Compiled in 239ms (408 modules)
 ✓ Compiled in 236ms (408 modules)
 ✓ Compiled in 234ms (408 modules)
 ✓ Compiled in 247ms (408 modules)
 ✓ Compiled in 238ms (408 modules)
 ✓ Compiled in 244ms (408 modules)
 ✓ Compiled in 224ms (408 modules)
 ✓ Compiled in 230ms (408 modules)
 ✓ Compiled in 230ms (408 modules)
 ✓ Compiled in 262ms (408 modules)
 ✓ Compiled in 224ms (408 modules)
 ✓ Compiled in 227ms (408 modules)
 ✓ Compiled in 239ms (408 modules)
 ✓ Compiled in 278ms (408 modules)
 ✓ Compiled in 235ms (408 modules)
 ✓ Compiled in 264ms (408 modules)
 ✓ Compiled in 239ms (408 modules)
 ✓ Compiled in 235ms (408 modules)
 ✓ Compiled in 242ms (408 modules)
 ✓ Compiled in 227ms (408 modules)
 ✓ Compiled in 231ms (408 modules)
 ✓ Compiled in 224ms (408 modules)
 ✓ Compiled in 222ms (408 modules)
 ✓ Compiled in 225ms (408 modules)
 ✓ Compiled in 223ms (408 modules)
 ✓ Compiled in 224ms (408 modules)
 ✓ Compiled in 229ms (408 modules)
 ✓ Compiled in 235ms (408 modules)
 ✓ Compiled in 227ms (408 modules)
 ✓ Compiled in 232ms (408 modules)
 ✓ Compiled in 231ms (408 modules)
 ✓ Compiled in 230ms (408 modules)
 ✓ Compiled in 230ms (408 modules)
 ✓ Compiled in 225ms (408 modules)
 ✓ Compiled in 227ms (408 modules)
 ✓ Compiled in 228ms (408 modules)
 ✓ Compiled in 226ms (408 modules)
 ✓ Compiled in 229ms (408 modules)
 ✓ Compiled in 234ms (408 modules)
 ✓ Compiled in 227ms (408 modules)
 ✓ Compiled in 229ms (408 modules)
 ✓ Compiled in 241ms (408 modules)
 ✓ Compiled in 237ms (408 modules)
 ✓ Compiled in 241ms (408 modules)
 ✓ Compiled in 241ms (408 modules)
 ✓ Compiled in 232ms (408 modules)
 ✓ Compiled in 232ms (408 modules)
 ✓ Compiled in 230ms (408 modules)
 ✓ Compiled in 224ms (408 modules)
 ✓ Compiled in 224ms (408 modules)
 ✓ Compiled in 237ms (408 modules)
 ✓ Compiled in 239ms (408 modules)
 ✓ Compiled in 230ms (408 modules)
 ✓ Compiled in 257ms (408 modules)
 ✓ Compiled in 247ms (408 modules)
 ✓ Compiled in 244ms (408 modules)
 ✓ Compiled in 304ms (408 modules)
 ✓ Compiled in 243ms (408 modules)
 ✓ Compiled in 327ms (408 modules)
